THIS FILE CONTAINS THE METADATA ABOUT SYSTEM AND RUNTIME


-------System Info-------
Operating System Name: Darwin
Nodename: Marcos-MacBook-Pro-2.local
Release: 24.6.0
Version: Darwin Kernel Version 24.6.0: Mon Jan 19 22:01:58 PST 2026; root:xnu-11417.140.69.708.3~1/RELEASE_ARM64_T6041

-------Python and Package Versions------- 
Python Version: 3.11.13
SigProfilerMatrixGenerator Version: 1.3.6
SigProfilerPlotting version: 1.4.2
matplotlib version: 3.10.6
statsmodels version: 0.14.5
scipy version: 1.16.2
pandas version: 2.3.2
numpy version: 2.3.2

-------Vital Parameters Used for the execution -------
Project: Indel_Cohort
Genome: GRCh38
Input File Path: sigprofiler_input_indels/
exome: False
bed_file: None
chrom_based: False
plot: True
tsb_stat: False
seqInfo: True

-------Date and Time Data------- 
Date and Clock time when the execution started: 2026-04-16 17:04:43.559556


-------Runtime Checkpoints------- 
